timestamp: 2018-09-29T19:41:00.722546
CREATE TABLE "auth_user"(
    "id" INTEGER PRIMARY KEY AUTOINCREMENT,
    "first_name" CHAR(128),
    "last_name" CHAR(128),
    "email" CHAR(512),
    "password" CHAR(512),
    "registration_key" CHAR(512),
    "reset_password_key" CHAR(512),
    "registration_id" CHAR(512)
);
success!
timestamp: 2018-09-29T19:41:00.734554
CREATE TABLE "auth_group"(
    "id" INTEGER PRIMARY KEY AUTOINCREMENT,
    "role" CHAR(512),
    "description" TEXT
);
success!
timestamp: 2018-09-29T19:41:00.745388
CREATE TABLE "auth_membership"(
    "id" INTEGER PRIMARY KEY AUTOINCREMENT,
    "user_id" INTEGER REFERENCES "auth_user" ("id") ON DELETE CASCADE  ,
    "group_id" INTEGER REFERENCES "auth_group" ("id") ON DELETE CASCADE  
);
success!
timestamp: 2018-09-29T19:41:00.767581
CREATE TABLE "auth_permission"(
    "id" INTEGER PRIMARY KEY AUTOINCREMENT,
    "group_id" INTEGER REFERENCES "auth_group" ("id") ON DELETE CASCADE  ,
    "name" CHAR(512),
    "table_name" CHAR(512),
    "record_id" INTEGER
);
success!
timestamp: 2018-09-29T19:41:00.780498
CREATE TABLE "auth_event"(
    "id" INTEGER PRIMARY KEY AUTOINCREMENT,
    "time_stamp" TIMESTAMP,
    "client_ip" CHAR(512),
    "user_id" INTEGER REFERENCES "auth_user" ("id") ON DELETE CASCADE  ,
    "origin" CHAR(512),
    "description" TEXT
);
success!
timestamp: 2018-09-29T19:41:00.791642
CREATE TABLE "auth_cas"(
    "id" INTEGER PRIMARY KEY AUTOINCREMENT,
    "user_id" INTEGER REFERENCES "auth_user" ("id") ON DELETE CASCADE  ,
    "created_on" TIMESTAMP,
    "service" CHAR(512),
    "ticket" CHAR(512),
    "renew" CHAR(1)
);
success!
timestamp: 2020-01-31T10:03:31.960931
CREATE TABLE "Provision"(
    "id" INTEGER PRIMARY KEY AUTOINCREMENT,
    "apellido" CHAR(512),
    "nombre" CHAR(512),
    "jerarquia" CHAR(512),
    "numero_cargo" CHAR(512),
    "numero_chapa" CHAR(512),
    "arma_provista" CHAR(512),
    "marca" CHAR(512),
    "calibre" CHAR(512),
    "numero_arma" CHAR(512),
    "serie" CHAR(512),
    "fecha_provision" CHAR(512),
    "recibo_numero" CHAR(512),
    "cargadores" CHAR(512),
    "fecha_provision_cartuchos" CHAR(512),
    "catidad_cartuchos" CHAR(512),
    "observaciones" CHAR(512),
    "destino_actual" CHAR(512),
    "uurr" CHAR(512),
    "fecha_alta" CHAR(512),
    "numero_seguro_social" CHAR(512),
    "fecha_nacimiento" CHAR(512),
    "numero_documento" CHAR(512),
    "cuil" CHAR(512),
    "domicilio" CHAR(512)
);
success!
timestamp: 2020-01-31T10:19:37.924793
ALTER TABLE "Provision" ADD "user_id" INTEGER REFERENCES "auth_user" ("id") ON DELETE CASCADE  ;
success!
success!
timestamp: 2020-01-31T10:39:29.890990
CREATE TABLE "Registro"(
    "id" INTEGER PRIMARY KEY AUTOINCREMENT,
    "user_id" INTEGER REFERENCES "auth_user" ("id") ON DELETE CASCADE  ,
    "transaccion" CHAR(512)
);
success!
success!
success!
success!
success!
success!
success!
success!
success!
success!
success!
success!
success!
success!
success!
success!
success!
success!
success!
success!
success!
success!
success!
success!
success!
success!
success!
success!
success!
success!
success!
success!
success!
success!
success!
success!
success!
success!
success!
success!
success!
success!
success!
success!
success!
success!
success!
timestamp: 2020-01-31T11:06:56.565434
ALTER TABLE "Provision" ADD "cantidad_cartuchos" CHAR(512);
success!
success!
success!
success!
success!
success!
success!
success!
success!
success!
success!
success!
success!
success!
success!
success!
success!
success!
success!
success!
success!
success!
success!
success!
success!
success!
success!
success!
success!
success!
success!
success!
success!
success!
success!
success!
success!
success!
success!
success!
success!
success!
success!
success!
success!
success!
success!
success!
success!
success!
success!
success!
success!
success!
success!
success!
success!
success!
success!
success!
success!
success!
success!
success!
success!
success!
success!
success!
success!
success!
success!
success!
success!
success!
success!
success!
success!
success!
success!
success!
success!
success!
success!
success!
success!
success!
success!
success!
success!
success!
success!
success!
success!
success!
success!
success!
success!
success!
success!
success!
success!
success!
success!
success!
success!
success!
success!
success!
success!
success!
success!
success!
success!
success!
success!
success!
success!
success!
success!
success!
success!
success!
success!
success!
success!
timestamp: 2020-01-31T12:14:28.132245
ALTER TABLE "auth_user" ADD "cargo" INTEGER;
timestamp: 2020-01-31T12:14:28.145975
ALTER TABLE "auth_user" ADD "chapa" INTEGER;
timestamp: 2020-01-31T12:14:28.153733
ALTER TABLE "auth_user" ADD "dependencia" CHAR(512);
success!
success!
success!
success!
success!
success!
success!
success!
success!
success!
success!
success!
success!
success!
success!
success!
success!
success!
success!
success!
success!
success!
success!
success!
success!
success!
success!
success!
success!
success!
success!
success!
success!
success!
success!
success!
success!
success!
success!
success!
success!
success!
success!
success!
success!
success!
success!
success!
success!
success!
success!
success!
success!
success!
success!
